<?xml version="1.0" encoding="UTF-8"?>
<testsuite xmlns:xsi="http://www.w3.org/2001/XMLSchema-instance" xsi:noNamespaceSchemaLocation="https://maven.apache.org/surefire/maven-surefire-plugin/xsd/surefire-test-report-3.0.xsd" version="3.0" name="com.cym.MyApplicationTests" time="5.941" tests="1" errors="0" skipped="0" failures="0">
  <properties>
[...]
</properties>
  <testcase name="test" classname="com.cym.MyApplicationTests" time="1.121">
    <system-out><![CDATA[17:49:55.412 [main] INFO org.springframework.test.context.support.AnnotationConfigContextLoaderUtils -- Could not detect default configuration classes for test class [com.cym.MyApplicationTests]: MyApplicationTests does not declare any static, non-private, non-final, nested classes annotated with @Configuration.
17:49:55.558 [main] INFO org.springframework.boot.test.context.SpringBootTestContextBootstrapper -- Found @SpringBootConfiguration com.cym.MyApplication for test class com.cym.MyApplicationTests

  .   ____          _            __ _ _
 /\\ / ___'_ __ _ _(_)_ __  __ _ \ \ \ \
( ( )\___ | '_ | '_| | '_ \/ _` | \ \ \ \
 \\/  ___)| |_)| | | | | || (_| |  ) ) ) )
  '  |____| .__|_| |_|_| |_\__, | / / / /
 =========|_|==============|___/=/_/_/_/

 :: Spring Boot ::                (v3.3.5)

2024-12-11T17:49:56.075+08:00  INFO 11480 --- [           main] com.cym.MyApplicationTests               : Starting MyApplicationTests using Java 17.0.12 with PID 11480 (started by 79878 in C:\Users\79878\Desktop\书\java\springboot\code\SpringBoot3\SpringBoot3\first)
2024-12-11T17:49:56.077+08:00  INFO 11480 --- [           main] com.cym.MyApplicationTests               : No active profile set, falling back to 1 default profile: "default"
2024-12-11T17:49:57.086+08:00  INFO 11480 --- [           main] .s.d.r.c.RepositoryConfigurationDelegate : Multiple Spring Data modules found, entering strict repository configuration mode
2024-12-11T17:49:57.089+08:00  INFO 11480 --- [           main] .s.d.r.c.RepositoryConfigurationDelegate : Bootstrapping Spring Data Redis repositories in DEFAULT mode.
2024-12-11T17:49:57.125+08:00  INFO 11480 --- [           main] .s.d.r.c.RepositoryConfigurationDelegate : Finished Spring Data repository scanning in 15 ms. Found 0 Redis repository interfaces.
2024-12-11T17:49:58.067+08:00  INFO 11480 --- [           main] r$InitializeUserDetailsManagerConfigurer : Global AuthenticationManager configured with UserDetailsService bean with name myUserDetailService
2024-12-11T17:50:00.010+08:00  INFO 11480 --- [           main] com.cym.MyApplicationTests               : Started MyApplicationTests in 4.263 seconds (process running for 5.606)
$2a$10$kKL.4BtyNpgfDGvVgSoKmuVaz4Cg8dkOl6at0oTW0tMY1vbUatcx6
]]></system-out>
  </testcase>
</testsuite>